<?xml version="1.0" encoding="UTF-8"?>
<testsuite xmlns:xsi="http://www.w3.org/2001/XMLSchema-instance" xsi:noNamespaceSchemaLocation="https://maven.apache.org/surefire/maven-surefire-plugin/xsd/surefire-test-report-3.0.xsd" version="3.0" name="com.financeapp.service.AIChatServiceTest" time="0.017" tests="5" errors="1" skipped="4" failures="0">
  <properties>
    <property name="java.specification.version" value="24"/>
    <property name="sun.cpu.isalist" value="amd64"/>
    <property name="sun.jnu.encoding" value="GBK"/>
    <property name="java.class.path" value="E:\Project\soft_ware-engineering\Software_Group76-Remaining part\FinanceApp\target\test-classes;E:\Project\soft_ware-engineering\Software_Group76-Remaining part\FinanceApp\target\classes;D:\APP\App_code\Java\Apache\MAVEN—local repository\org\junit\jupiter\junit-jupiter-api\5.9.2\junit-jupiter-api-5.9.2.jar;D:\APP\App_code\Java\Apache\MAVEN—local repository\org\opentest4j\opentest4j\1.2.0\opentest4j-1.2.0.jar;D:\APP\App_code\Java\Apache\MAVEN—local repository\org\junit\platform\junit-platform-commons\1.9.2\junit-platform-commons-1.9.2.jar;D:\APP\App_code\Java\Apache\MAVEN—local repository\org\apiguardian\apiguardian-api\1.1.2\apiguardian-api-1.1.2.jar;D:\APP\App_code\Java\Apache\MAVEN—local repository\org\junit\jupiter\junit-jupiter-engine\5.9.2\junit-jupiter-engine-5.9.2.jar;D:\APP\App_code\Java\Apache\MAVEN—local repository\org\junit\platform\junit-platform-engine\1.9.2\junit-platform-engine-1.9.2.jar;D:\APP\App_code\Java\Apache\MAVEN—local repository\org\json\json\20231013\json-20231013.jar;D:\APP\App_code\Java\Apache\MAVEN—local repository\org\mockito\mockito-core\4.11.0\mockito-core-4.11.0.jar;D:\APP\App_code\Java\Apache\MAVEN—local repository\net\bytebuddy\byte-buddy\1.12.19\byte-buddy-1.12.19.jar;D:\APP\App_code\Java\Apache\MAVEN—local repository\net\bytebuddy\byte-buddy-agent\1.12.19\byte-buddy-agent-1.12.19.jar;D:\APP\App_code\Java\Apache\MAVEN—local repository\org\objenesis\objenesis\3.3\objenesis-3.3.jar;D:\APP\App_code\Java\Apache\MAVEN—local repository\com\formdev\flatlaf\3.2.1\flatlaf-3.2.1.jar;D:\APP\App_code\Java\Apache\MAVEN—local repository\com\formdev\flatlaf-extras\3.2.1\flatlaf-extras-3.2.1.jar;D:\APP\App_code\Java\Apache\MAVEN—local repository\com\github\weisj\jsvg\1.1.0\jsvg-1.1.0.jar;D:\APP\App_code\Java\Apache\MAVEN—local repository\commons-collections\commons-collections\3.2.2\commons-collections-3.2.2.jar;D:\APP\App_code\Java\Apache\MAVEN—local repository\org\codehaus\plexus\plexus-interpolation\1.27\plexus-interpolation-1.27.jar;"/>
    <property name="java.vm.vendor" value="Oracle Corporation"/>
    <property name="sun.arch.data.model" value="64"/>
    <property name="user.variant" value=""/>
    <property name="java.vendor.url" value="https://java.oracle.com/"/>
    <property name="user.timezone" value="Asia/Shanghai"/>
    <property name="os.name" value="Windows 11"/>
    <property name="java.vm.specification.version" value="24"/>
    <property name="sun.java.launcher" value="SUN_STANDARD"/>
    <property name="user.country" value="CN"/>
    <property name="sun.boot.library.path" value="D:\APP\App_code\Java\jdk-24\bin"/>
    <property name="sun.java.command" value="C:\Users\Xuan\AppData\Local\Temp\surefire17573464669524825852\surefirebooter-20250523182930359_3.jar C:\Users\Xuan\AppData\Local\Temp\surefire17573464669524825852 2025-05-23T18-29-30_201-jvmRun1 surefire-20250523182930359_1tmp surefire_0-20250523182930359_2tmp"/>
    <property name="jdk.debug" value="release"/>
    <property name="surefire.test.class.path" value="E:\Project\soft_ware-engineering\Software_Group76-Remaining part\FinanceApp\target\test-classes;E:\Project\soft_ware-engineering\Software_Group76-Remaining part\FinanceApp\target\classes;D:\APP\App_code\Java\Apache\MAVEN—local repository\org\junit\jupiter\junit-jupiter-api\5.9.2\junit-jupiter-api-5.9.2.jar;D:\APP\App_code\Java\Apache\MAVEN—local repository\org\opentest4j\opentest4j\1.2.0\opentest4j-1.2.0.jar;D:\APP\App_code\Java\Apache\MAVEN—local repository\org\junit\platform\junit-platform-commons\1.9.2\junit-platform-commons-1.9.2.jar;D:\APP\App_code\Java\Apache\MAVEN—local repository\org\apiguardian\apiguardian-api\1.1.2\apiguardian-api-1.1.2.jar;D:\APP\App_code\Java\Apache\MAVEN—local repository\org\junit\jupiter\junit-jupiter-engine\5.9.2\junit-jupiter-engine-5.9.2.jar;D:\APP\App_code\Java\Apache\MAVEN—local repository\org\junit\platform\junit-platform-engine\1.9.2\junit-platform-engine-1.9.2.jar;D:\APP\App_code\Java\Apache\MAVEN—local repository\org\json\json\20231013\json-20231013.jar;D:\APP\App_code\Java\Apache\MAVEN—local repository\org\mockito\mockito-core\4.11.0\mockito-core-4.11.0.jar;D:\APP\App_code\Java\Apache\MAVEN—local repository\net\bytebuddy\byte-buddy\1.12.19\byte-buddy-1.12.19.jar;D:\APP\App_code\Java\Apache\MAVEN—local repository\net\bytebuddy\byte-buddy-agent\1.12.19\byte-buddy-agent-1.12.19.jar;D:\APP\App_code\Java\Apache\MAVEN—local repository\org\objenesis\objenesis\3.3\objenesis-3.3.jar;D:\APP\App_code\Java\Apache\MAVEN—local repository\com\formdev\flatlaf\3.2.1\flatlaf-3.2.1.jar;D:\APP\App_code\Java\Apache\MAVEN—local repository\com\formdev\flatlaf-extras\3.2.1\flatlaf-extras-3.2.1.jar;D:\APP\App_code\Java\Apache\MAVEN—local repository\com\github\weisj\jsvg\1.1.0\jsvg-1.1.0.jar;D:\APP\App_code\Java\Apache\MAVEN—local repository\commons-collections\commons-collections\3.2.2\commons-collections-3.2.2.jar;D:\APP\App_code\Java\Apache\MAVEN—local repository\org\codehaus\plexus\plexus-interpolation\1.27\plexus-interpolation-1.27.jar;"/>
    <property name="sun.cpu.endian" value="little"/>
    <property name="user.home" value="C:\Users\Xuan"/>
    <property name="user.language" value="zh"/>
    <property name="java.specification.vendor" value="Oracle Corporation"/>
    <property name="java.version.date" value="2025-04-15"/>
    <property name="java.home" value="D:\APP\App_code\Java\jdk-24"/>
    <property name="file.separator" value="\"/>
    <property name="basedir" value="E:\Project\soft_ware-engineering\Software_Group76-Remaining part\FinanceApp"/>
    <property name="java.vm.compressedOopsMode" value="Zero based"/>
    <property name="line.separator" value="&#10;"/>
    <property name="java.vm.specification.vendor" value="Oracle Corporation"/>
    <property name="java.specification.name" value="Java Platform API Specification"/>
    <property name="surefire.real.class.path" value="C:\Users\Xuan\AppData\Local\Temp\surefire17573464669524825852\surefirebooter-20250523182930359_3.jar"/>
    <property name="user.script" value=""/>
    <property name="sun.management.compiler" value="HotSpot 64-Bit Tiered Compilers"/>
    <property name="java.runtime.version" value="24.0.1+9-30"/>
    <property name="user.name" value="Xuan"/>
    <property name="stdout.encoding" value="GBK"/>
    <property name="path.separator" value=";"/>
    <property name="os.version" value="10.0"/>
    <property name="java.runtime.name" value="Java(TM) SE Runtime Environment"/>
    <property name="file.encoding" value="UTF-8"/>
    <property name="java.vm.name" value="Java HotSpot(TM) 64-Bit Server VM"/>
    <property name="localRepository" value="D:\APP\App_code\Java\Apache\MAVEN—local repository"/>
    <property name="java.vendor.url.bug" value="https://bugreport.java.com/bugreport/"/>
    <property name="java.io.tmpdir" value="C:\Users\Xuan\AppData\Local\Temp\"/>
    <property name="java.version" value="24.0.1"/>
    <property name="user.dir" value="C:\Users\Xuan\AppData\Local\Temp\junit8216916878173848518"/>
    <property name="os.arch" value="amd64"/>
    <property name="java.vm.specification.name" value="Java Virtual Machine Specification"/>
    <property name="sun.os.patch.level" value=""/>
    <property name="native.encoding" value="GBK"/>
    <property name="java.library.path" value="D:\APP\App_code\Java\jdk-24\bin;C:\WINDOWS\Sun\Java\bin;C:\WINDOWS\system32;C:\WINDOWS;D:\APP\App_code\Anaconda3;D:\APP\App_code\Anaconda3\Library\mingw-w64\bin;D:\APP\App_code\Anaconda3\Library\usr\bin;D:\APP\App_code\Anaconda3\Library\bin;D:\APP\App_code\Anaconda3\Scripts;D:\APP\App_code\Anaconda3\bin;D:\APP\App_code\Anaconda3\condabin;F:\VMware\VMware Workstation\bin;C:\Program Files\Common Files\Oracle\Java\javapath;C:\WINDOWS\system32;C:\WINDOWS;C:\WINDOWS\System32\Wbem;C:\WINDOWS\System32\WindowsPowerShell\v1.0;C:\WINDOWS\System32\OpenSSH;C:\Users\Administrator\AppData\Local\Microsoft\WindowsApps;C:\Recovery\OEM\Backup;C:\Program Files\dotnet;C:\Program Files (x86)\NVIDIA Corporation\PhysX\Common;C:\Program Files\NVIDIA Corporation\NVIDIA app\NvDLISR;C:\Recovery\OEM\Backup;D:\APP\App_code\Java\jdk-24\bin;D:\APP\App_code\Java\Apache\apache-maven-3.9.9\bin;D:\APP\App_code\Git\cmd;C:\Users\Xuan\AppData\Roaming\Python\Python312\Scripts;D:\APP\App_code\Anaconda3;D:\APP\App_code\Anaconda3\Scripts;D:\APP\App_code\Anaconda3\Library\bin;D:\APP\App_code\Anaconda3\Library\usr\bin;D:\APP\App_code\Anaconda3\Library\mingw-w64\bin;D:\APP\App_code\nodejs;D:\APP\App_code\nodejs;D:\APP\App_code\nodejs\node_global;D:\APP\App_code\nodejs\node_cache;d:\APP\App_code\IDE\Trae\bin;C:\Users\Xuan\AppData\Local\Microsoft\WindowsApps;D:\APP\App_code\IDE\Microsoft VS Code\bin;D:\APP\App_code\Java\Apache\apache-maven-3.9.9\bin;D:\APP\App_code\IDE\IntelliJ IDEA 2025.1\bin;.;D:\APP\App_code\IDE\cursor\resources\app\bin;C:\Users\Xuan\AppData\Roaming\Python\Python312\Scripts;D:\APP\App_code\nodejs;D:\APP\App_code\nodejs\node_global;D:\APP\App_code\nodejs\node_cache;.;."/>
    <property name="java.vm.info" value="mixed mode, sharing"/>
    <property name="stderr.encoding" value="GBK"/>
    <property name="java.vendor" value="Oracle Corporation"/>
    <property name="java.vm.version" value="24.0.1+9-30"/>
    <property name="sun.io.unicode.encoding" value="UnicodeLittle"/>
    <property name="java.class.version" value="68.0"/>
  </properties>
  <testcase name="testGetAIResponseStreaming" classname="com.financeapp.service.AIChatServiceTest" time="0.0">
    <skipped message="Requires valid API key and network connection"/>
  </testcase>
  <testcase name="testInvalidApiKey" classname="com.financeapp.service.AIChatServiceTest" time="0.0">
    <skipped message="Requires modification to AIChatService to support custom API keys"/>
  </testcase>
  <testcase name="testGetAIResponse" classname="com.financeapp.service.AIChatServiceTest" time="0.0">
    <skipped message="Requires valid API key and network connection"/>
  </testcase>
  <testcase name="testAnalyzeTransactionData" classname="com.financeapp.service.AIChatServiceTest" time="0.0">
    <skipped message="Requires valid API key and network connection"/>
  </testcase>
  <testcase name="testLoadTransactionsData" classname="com.financeapp.service.AIChatServiceTest" time="0.006">
    <error type="java.lang.NullPointerException"><![CDATA[java.lang.NullPointerException
	at java.base/java.util.concurrent.ConcurrentHashMap.putVal(ConcurrentHashMap.java:1023)
	at java.base/java.util.concurrent.ConcurrentHashMap.put(ConcurrentHashMap.java:1018)
	at java.base/java.util.Properties.put(Properties.java:1344)
	at java.base/java.util.Properties.setProperty(Properties.java:231)
	at java.base/java.lang.System.setProperty(System.java:769)
	at com.financeapp.service.AIChatServiceTest.tearDown(AIChatServiceTest.java:69)
	at java.base/jdk.internal.reflect.DirectMethodHandleAccessor.invoke(DirectMethodHandleAccessor.java:104)
	at java.base/java.lang.reflect.Method.invoke(Method.java:565)
	at org.junit.platform.commons.util.ReflectionUtils.invokeMethod(ReflectionUtils.java:727)
	at org.junit.jupiter.engine.execution.MethodInvocation.proceed(MethodInvocation.java:60)
	at org.junit.jupiter.engine.execution.InvocationInterceptorChain$ValidatingInvocation.proceed(InvocationInterceptorChain.java:131)
	at org.junit.jupiter.engine.extension.TimeoutExtension.intercept(TimeoutExtension.java:156)
	at org.junit.jupiter.engine.extension.TimeoutExtension.interceptLifecycleMethod(TimeoutExtension.java:128)
	at org.junit.jupiter.engine.extension.TimeoutExtension.interceptAfterEachMethod(TimeoutExtension.java:110)
	at org.junit.jupiter.engine.execution.InterceptingExecutableInvoker$ReflectiveInterceptorCall.lambda$ofVoidMethod$0(InterceptingExecutableInvoker.java:103)
	at org.junit.jupiter.engine.execution.InterceptingExecutableInvoker.lambda$invoke$0(InterceptingExecutableInvoker.java:93)
	at org.junit.jupiter.engine.execution.InvocationInterceptorChain$InterceptedInvocation.proceed(InvocationInterceptorChain.java:106)
	at org.junit.jupiter.engine.execution.InvocationInterceptorChain.proceed(InvocationInterceptorChain.java:64)
	at org.junit.jupiter.engine.execution.InvocationInterceptorChain.chainAndInvoke(InvocationInterceptorChain.java:45)
	at org.junit.jupiter.engine.execution.InvocationInterceptorChain.invoke(InvocationInterceptorChain.java:37)
	at org.junit.jupiter.engine.execution.InterceptingExecutableInvoker.invoke(InterceptingExecutableInvoker.java:92)
	at org.junit.jupiter.engine.execution.InterceptingExecutableInvoker.invoke(InterceptingExecutableInvoker.java:86)
	at org.junit.jupiter.engine.descriptor.ClassBasedTestDescriptor.invokeMethodInExtensionContext(ClassBasedTestDescriptor.java:520)
	at org.junit.jupiter.engine.descriptor.ClassBasedTestDescriptor.lambda$synthesizeAfterEachMethodAdapter$24(ClassBasedTestDescriptor.java:510)
	at org.junit.jupiter.engine.descriptor.TestMethodTestDescriptor.lambda$invokeAfterEachMethods$10(TestMethodTestDescriptor.java:243)
	at org.junit.jupiter.engine.descriptor.TestMethodTestDescriptor.lambda$invokeAllAfterMethodsOrCallbacks$13(TestMethodTestDescriptor.java:276)
	at org.junit.platform.engine.support.hierarchical.ThrowableCollector.execute(ThrowableCollector.java:73)
	at org.junit.jupiter.engine.descriptor.TestMethodTestDescriptor.lambda$invokeAllAfterMethodsOrCallbacks$14(TestMethodTestDescriptor.java:276)
	at java.base/java.util.ArrayList.forEach(ArrayList.java:1604)
	at org.junit.jupiter.engine.descriptor.TestMethodTestDescriptor.invokeAllAfterMethodsOrCallbacks(TestMethodTestDescriptor.java:275)
	at org.junit.jupiter.engine.descriptor.TestMethodTestDescriptor.invokeAfterEachMethods(TestMethodTestDescriptor.java:241)
	at org.junit.jupiter.engine.descriptor.TestMethodTestDescriptor.execute(TestMethodTestDescriptor.java:142)
	at org.junit.jupiter.engine.descriptor.TestMethodTestDescriptor.execute(TestMethodTestDescriptor.java:68)
	at org.junit.platform.engine.support.hierarchical.NodeTestTask.lambda$executeRecursively$6(NodeTestTask.java:151)
	at org.junit.platform.engine.support.hierarchical.ThrowableCollector.execute(ThrowableCollector.java:73)
	at org.junit.platform.engine.support.hierarchical.NodeTestTask.lambda$executeRecursively$8(NodeTestTask.java:141)
	at org.junit.platform.engine.support.hierarchical.Node.around(Node.java:137)
	at org.junit.platform.engine.support.hierarchical.NodeTestTask.lambda$executeRecursively$9(NodeTestTask.java:139)
	at org.junit.platform.engine.support.hierarchical.ThrowableCollector.execute(ThrowableCollector.java:73)
	at org.junit.platform.engine.support.hierarchical.NodeTestTask.executeRecursively(NodeTestTask.java:138)
	at org.junit.platform.engine.support.hierarchical.NodeTestTask.execute(NodeTestTask.java:95)
	at java.base/java.util.ArrayList.forEach(ArrayList.java:1604)
	at org.junit.platform.engine.support.hierarchical.SameThreadHierarchicalTestExecutorService.invokeAll(SameThreadHierarchicalTestExecutorService.java:41)
	at org.junit.platform.engine.support.hierarchical.NodeTestTask.lambda$executeRecursively$6(NodeTestTask.java:155)
	at org.junit.platform.engine.support.hierarchical.ThrowableCollector.execute(ThrowableCollector.java:73)
	at org.junit.platform.engine.support.hierarchical.NodeTestTask.lambda$executeRecursively$8(NodeTestTask.java:141)
	at org.junit.platform.engine.support.hierarchical.Node.around(Node.java:137)
	at org.junit.platform.engine.support.hierarchical.NodeTestTask.lambda$executeRecursively$9(NodeTestTask.java:139)
	at org.junit.platform.engine.support.hierarchical.ThrowableCollector.execute(ThrowableCollector.java:73)
	at org.junit.platform.engine.support.hierarchical.NodeTestTask.executeRecursively(NodeTestTask.java:138)
	at org.junit.platform.engine.support.hierarchical.NodeTestTask.execute(NodeTestTask.java:95)
	at java.base/java.util.ArrayList.forEach(ArrayList.java:1604)
	at org.junit.platform.engine.support.hierarchical.SameThreadHierarchicalTestExecutorService.invokeAll(SameThreadHierarchicalTestExecutorService.java:41)
	at org.junit.platform.engine.support.hierarchical.NodeTestTask.lambda$executeRecursively$6(NodeTestTask.java:155)
	at org.junit.platform.engine.support.hierarchical.ThrowableCollector.execute(ThrowableCollector.java:73)
	at org.junit.platform.engine.support.hierarchical.NodeTestTask.lambda$executeRecursively$8(NodeTestTask.java:141)
	at org.junit.platform.engine.support.hierarchical.Node.around(Node.java:137)
	at org.junit.platform.engine.support.hierarchical.NodeTestTask.lambda$executeRecursively$9(NodeTestTask.java:139)
	at org.junit.platform.engine.support.hierarchical.ThrowableCollector.execute(ThrowableCollector.java:73)
	at org.junit.platform.engine.support.hierarchical.NodeTestTask.executeRecursively(NodeTestTask.java:138)
	at org.junit.platform.engine.support.hierarchical.NodeTestTask.execute(NodeTestTask.java:95)
	at org.junit.platform.engine.support.hierarchical.SameThreadHierarchicalTestExecutorService.submit(SameThreadHierarchicalTestExecutorService.java:35)
	at org.junit.platform.engine.support.hierarchical.HierarchicalTestExecutor.execute(HierarchicalTestExecutor.java:57)
	at org.junit.platform.engine.support.hierarchical.HierarchicalTestEngine.execute(HierarchicalTestEngine.java:54)
	at org.junit.platform.launcher.core.EngineExecutionOrchestrator.execute(EngineExecutionOrchestrator.java:147)
	at org.junit.platform.launcher.core.EngineExecutionOrchestrator.execute(EngineExecutionOrchestrator.java:127)
	at org.junit.platform.launcher.core.EngineExecutionOrchestrator.execute(EngineExecutionOrchestrator.java:90)
	at org.junit.platform.launcher.core.EngineExecutionOrchestrator.lambda$execute$0(EngineExecutionOrchestrator.java:55)
	at org.junit.platform.launcher.core.EngineExecutionOrchestrator.withInterceptedStreams(EngineExecutionOrchestrator.java:102)
	at org.junit.platform.launcher.core.EngineExecutionOrchestrator.execute(EngineExecutionOrchestrator.java:54)
	at org.junit.platform.launcher.core.DefaultLauncher.execute(DefaultLauncher.java:114)
	at org.junit.platform.launcher.core.DefaultLauncher.execute(DefaultLauncher.java:86)
	at org.junit.platform.launcher.core.DefaultLauncherSession$DelegatingLauncher.execute(DefaultLauncherSession.java:86)
	at org.apache.maven.surefire.junitplatform.LazyLauncher.execute(LazyLauncher.java:56)
	at org.apache.maven.surefire.junitplatform.JUnitPlatformProvider.execute(JUnitPlatformProvider.java:184)
	at org.apache.maven.surefire.junitplatform.JUnitPlatformProvider.invokeAllTests(JUnitPlatformProvider.java:148)
	at org.apache.maven.surefire.junitplatform.JUnitPlatformProvider.invoke(JUnitPlatformProvider.java:122)
	at org.apache.maven.surefire.booter.ForkedBooter.runSuitesInProcess(ForkedBooter.java:385)
	at org.apache.maven.surefire.booter.ForkedBooter.execute(ForkedBooter.java:162)
	at org.apache.maven.surefire.booter.ForkedBooter.run(ForkedBooter.java:507)
	at org.apache.maven.surefire.booter.ForkedBooter.main(ForkedBooter.java:495)
]]></error>
    <system-out><![CDATA[成功加载交易数据
]]></system-out>
  </testcase>
</testsuite>